<?xml version="1.0" encoding="UTF-8"?>
<testsuite name="ru.stqa.pft.addressbook.GroupCreationTests" tests="1" skipped="0" failures="0" errors="0" timestamp="2021-12-23T14:13:05" hostname="DESKTOP-EB0HID2" time="1.217">
  <properties/>
  <testcase name="testsGroupCreation" classname="ru.stqa.pft.addressbook.GroupCreationTests" time="1.217"/>
  <system-out><![CDATA[]]></system-out>
  <system-err><![CDATA[SLF4J: Failed to load class "org.slf4j.impl.StaticLoggerBinder".
SLF4J: Defaulting to no-operation (NOP) logger implementation
SLF4J: See http://www.slf4j.org/codes.html#StaticLoggerBinder for further details.
1640268780651	geckodriver	INFO	Listening on 127.0.0.1:59757
1640268781351	mozrunner::runner	INFO	Running command: "C:\\Program Files\\Mozilla Firefox\\firefox.exe" "--marionette" "--remote-debugging-port" "53058" "-no-remote" "-profile" "C:\\Users\\User\\AppData\\Local\\Temp\\rust_mozprofileh8ocbx"
1640268781783	Marionette	INFO	Marionette enabled
console.warn: SearchSettings: "get: No settings file exists, new profile?" (new NotFoundError("Could not open the file at C:\\Users\\User\\AppData\\Local\\Temp\\rust_mozprofileh8ocbx\\search.json.mozlz4", (void 0)))
DevTools listening on ws://localhost:53058/devtools/browser/737def57-06c4-4317-af96-8d93f2629fc7
1640268783848	Marionette	INFO	Listening on port 2137
1640268784021	RemoteAgent	WARN	TLS certificate errors will be ignored for this session
дек. 23, 2021 5:13:04 PM org.openqa.selenium.remote.ProtocolHandshake createSession
INFO: Detected dialect: W3C
]]></system-err>
</testsuite>
